[    0.000000] Initializing cgroup subsys cpuset
[    0.000000] Initializing cgroup subsys cpu
[    0.000000] Initializing cgroup subsys cpuacct
[    0.000000] Linux version 4.4.0-173-generic (buildd@lgw01-amd64-037) (gcc version 5.4.0 20160609 (Ubuntu 5.4.0-6ubuntu1~16.04.12) ) #203-Ubuntu SMP Wed Jan 15 02:55:01 UTC 2020 (Ubuntu 4.4.0-173.203-generic 4.4.208)
[    0.000000] Command line: BOOT_IMAGE=/boot/vmlinuz-4.4.0-173-generic root=UUID=762210da-40fe-4120-9981-dfdf20ecd299 ro console=tty1 console=ttyS0
[    0.000000] KERNEL supported cpus:
[    0.000000]   Intel GenuineIntel
[    0.000000]   AMD AuthenticAMD
[    0.000000]   Centaur CentaurHauls
[    0.000000] x86/fpu: xstate_offset[2]:  576, xstate_sizes[2]:  256
[    0.000000] x86/fpu: Supporting XSAVE feature 0x01: 'x87 floating point registers'
[    0.000000] x86/fpu: Supporting XSAVE feature 0x02: 'SSE registers'
[    0.000000] x86/fpu: Supporting XSAVE feature 0x04: 'AVX registers'
[    0.000000] x86/fpu: Enabled xstate features 0x7, context size is 832 bytes, using 'standard' format.
[    0.000000] e820: BIOS-provided physical RAM map:
[    0.000000] BIOS-e820: [mem 0x0000000000000000-0x000000000009fbff] usable
[    0.000000] BIOS-e820: [mem 0x000000000009fc00-0x000000000009ffff] reserved
[    0.000000] BIOS-e820: [mem 0x00000000000f0000-0x00000000000fffff] reserved
[    0.000000] BIOS-e820: [mem 0x0000000000100000-0x000000003ffeffff] usable
[    0.000000] BIOS-e820: [mem 0x000000003fff0000-0x000000003fffffff] ACPI data
[    0.000000] BIOS-e820: [mem 0x00000000fec00000-0x00000000fec00fff] reserved
[    0.000000] BIOS-e820: [mem 0x00000000fee00000-0x00000000fee00fff] reserved
[    0.000000] BIOS-e820: [mem 0x00000000fffc0000-0x00000000ffffffff] reserved
[    0.000000] NX (Execute Disable) protection: active
[    0.000000] SMBIOS 2.5 present.
[    0.000000] Hypervisor detected: KVM
[    0.000000] e820: last_pfn = 0x3fff0 max_arch_pfn = 0x400000000
[    0.000000] MTRR: Disabled
[    0.000000] x86/PAT: MTRRs disabled, skipping PAT initialization too.
[    0.000000] CPU MTRRs all blank - virtualized system.
[    0.000000] x86/PAT: Configuration [0-7]: WB  WT  UC- UC  WB  WT  UC- UC  
[    0.000000] found SMP MP-table at [mem 0x0009fff0-0x0009ffff] mapped at [ffff88000009fff0]
[    0.000000] Scanning 1 areas for low memory corruption
[    0.000000] RAMDISK: [mem 0x361c8000-0x370dbfff]
[    0.000000] ACPI: Early table checksum verification disabled
[    0.000000] ACPI: RSDP 0x00000000000E0000 000024 (v02 VBOX  )
[    0.000000] ACPI: XSDT 0x000000003FFF0030 00003C (v01 VBOX   VBOXXSDT 00000001 ASL  00000061)
[    0.000000] ACPI: FACP 0x000000003FFF00F0 0000F4 (v04 VBOX   VBOXFACP 00000001 ASL  00000061)
[    0.000000] ACPI: DSDT 0x000000003FFF0470 002325 (v02 VBOX   VBOXBIOS 00000002 INTL 20100528)
[    0.000000] ACPI: FACS 0x000000003FFF0200 000040
[    0.000000] ACPI: FACS 0x000000003FFF0200 000040
[    0.000000] ACPI: APIC 0x000000003FFF0240 00005C (v02 VBOX   VBOXAPIC 00000001 ASL  00000061)
[    0.000000] ACPI: SSDT 0x000000003FFF02A0 0001CC (v01 VBOX   VBOXCPUT 00000002 INTL 20100528)
[    0.000000] No NUMA configuration found
[    0.000000] Faking a node at [mem 0x0000000000000000-0x000000003ffeffff]
[    0.000000] NODE_DATA(0) allocated [mem 0x3ffeb000-0x3ffeffff]
[    0.000000] kvm-clock: Using msrs 4b564d01 and 4b564d00
[    0.000000] kvm-clock: cpu 0, msr 0:3ffe3001, primary cpu clock
[    0.000000] kvm-clock: using sched offset of 4564163357 cycles
[    0.000000] clocksource: kvm-clock: mask: 0xffffffffffffffff max_cycles: 0x1cd42e4dffb, max_idle_ns: 881590591483 ns
[    0.000000] Zone ranges:
[    0.000000]   DMA      [mem 0x0000000000001000-0x0000000000ffffff]
[    0.000000]   DMA32    [mem 0x0000000001000000-0x000000003ffeffff]
[    0.000000]   Normal   empty
[    0.000000]   Device   empty
[    0.000000] Movable zone start for each node
[    0.000000] Early memory node ranges
[    0.000000]   node   0: [mem 0x0000000000001000-0x000000000009efff]
[    0.000000]   node   0: [mem 0x0000000000100000-0x000000003ffeffff]
[    0.000000] Initmem setup node 0 [mem 0x0000000000001000-0x000000003ffeffff]
[    0.000000] ACPI: PM-Timer IO Port: 0x4008
[    0.000000] IOAPIC[0]: apic_id 2, version 32, address 0xfec00000, GSI 0-23
[    0.000000] ACPI: INT_SRC_OVR (bus 0 bus_irq 0 global_irq 2 dfl dfl)
[    0.000000] ACPI: INT_SRC_OVR (bus 0 bus_irq 9 global_irq 9 low level)
[    0.000000] Using ACPI (MADT) for SMP configuration information
[    0.000000] smpboot: Allowing 2 CPUs, 0 hotplug CPUs
[    0.000000] PM: Registered nosave memory: [mem 0x00000000-0x00000fff]
[    0.000000] PM: Registered nosave memory: [mem 0x0009f000-0x0009ffff]
[    0.000000] PM: Registered nosave memory: [mem 0x000a0000-0x000effff]
[    0.000000] PM: Registered nosave memory: [mem 0x000f0000-0x000fffff]
[    0.000000] e820: [mem 0x40000000-0xfebfffff] available for PCI devices
[    0.000000] Booting paravirtualized kernel on KVM
[    0.000000] clocksource: refined-jiffies: mask: 0xffffffff max_cycles: 0xffffffff, max_idle_ns: 7645519600211568 ns
[    0.000000] setup_percpu: NR_CPUS:512 nr_cpumask_bits:512 nr_cpu_ids:2 nr_node_ids:1
[    0.000000] PERCPU: Embedded 33 pages/cpu @ffff88003fc00000 s95448 r8192 d31528 u1048576
[    0.000000] Built 1 zonelists in Node order, mobility grouping on.  Total pages: 257912
[    0.000000] Policy zone: DMA32
[    0.000000] Kernel command line: BOOT_IMAGE=/boot/vmlinuz-4.4.0-173-generic root=UUID=762210da-40fe-4120-9981-dfdf20ecd299 ro console=tty1 console=ttyS0
[    0.000000] PID hash table entries: 4096 (order: 3, 32768 bytes)
[    0.000000] Memory: 997112K/1048120K available (8626K kernel code, 1336K rwdata, 4032K rodata, 1488K init, 1292K bss, 51008K reserved, 0K cma-reserved)
[    0.000000] SLUB: HWalign=64, Order=0-3, MinObjects=0, CPUs=2, Nodes=1
[    0.000000] Kernel/User page tables isolation: enabled
[    0.000000] Hierarchical RCU implementation.
[    0.000000] 	Build-time adjustment of leaf fanout to 64.
[    0.000000] 	RCU restricting CPUs from NR_CPUS=512 to nr_cpu_ids=2.
[    0.000000] RCU: Adjusting geometry for rcu_fanout_leaf=64, nr_cpu_ids=2
[    0.000000] NR_IRQS:33024 nr_irqs:440 16
[    0.000000] Console: colour VGA+ 80x25
[    0.000000] console [tty1] enabled
[    0.000000] console [ttyS0] enabled
[    0.000000] tsc: Detected 1800.002 MHz processor
[    0.310384] Calibrating delay loop (skipped) preset value.. 3600.00 BogoMIPS (lpj=7200008)
[    0.313163] pid_max: default: 32768 minimum: 301
[    0.314706] ACPI: Core revision 20150930
[    0.318592] ACPI: 2 ACPI AML tables successfully acquired and loaded
[    0.320761] Security Framework initialized
[    0.322168] Yama: becoming mindful.
[    0.323408] AppArmor: AppArmor initialized
[    0.324890] Dentry cache hash table entries: 131072 (order: 8, 1048576 bytes)
[    0.330899] Inode-cache hash table entries: 65536 (order: 7, 524288 bytes)
[    0.333020] Mount-cache hash table entries: 2048 (order: 2, 16384 bytes)
[    0.335075] Mountpoint-cache hash table entries: 2048 (order: 2, 16384 bytes)
[    0.337392] Initializing cgroup subsys io
[    0.338801] Initializing cgroup subsys memory
[    0.340261] Initializing cgroup subsys devices
[    0.341830] Initializing cgroup subsys freezer
[    0.343280] Initializing cgroup subsys net_cls
[    0.344753] Initializing cgroup subsys perf_event
[    0.346307] Initializing cgroup subsys net_prio
[    0.347913] Initializing cgroup subsys hugetlb
[    0.349597] Initializing cgroup subsys pids
[    0.352682] mce: CPU supports 0 MCE banks
[    0.354846] Last level iTLB entries: 4KB 64, 2MB 8, 4MB 8
[    0.357025] Last level dTLB entries: 4KB 64, 2MB 0, 4MB 0, 1GB 4
[    0.359231] Spectre V1 : Mitigation: usercopy/swapgs barriers and __user pointer sanitization
[    0.362428] Spectre V2 : Mitigation: Full generic retpoline
[    0.364427] Spectre V2 : Spectre v2 / SpectreRSB mitigation: Filling RSB on context switch
[    0.367482] Speculative Store Bypass: Vulnerable
[    0.369324] MDS: Vulnerable: Clear CPU buffers attempted, no microcode
[    0.375981] Freeing SMP alternatives memory: 36K
[    0.387946] ftrace: allocating 32304 entries in 127 pages
[    0.492207] smpboot: APIC(0) Converting physical 0 to logical package 0
[    0.494543] smpboot: Max logical packages: 1
[    0.496579] x2apic enabled
[    0.498176] Switched APIC routing to physical x2apic.
[    0.502183] ..TIMER: vector=0x30 apic1=0 pin1=2 apic2=-1 pin2=-1
[    0.612687] smpboot: CPU0: Intel(R) Core(TM) i5-8250U CPU @ 1.60GHz (family: 0x6, model: 0x8e, stepping: 0xa)
[    0.617790] Performance Events: unsupported p6 CPU model 142 no PMU driver, software events only.
[    0.648238] KVM setup paravirtual spinlock
[    0.651119] x86: Booting SMP configuration:
[    0.653746] .... node  #0, CPUs:      #1
[    0.656411] kvm-clock: cpu 1, msr 0:3ffe3041, secondary cpu clock
[    0.661047] mce: CPU supports 0 MCE banks
[    0.665043] x86: Booted up 1 node, 2 CPUs
[    0.668386] smpboot: Total of 2 processors activated (7200.00 BogoMIPS)
[    0.673282] devtmpfs: initialized
[    0.678913] evm: security.selinux
[    0.680991] evm: security.SMACK64
[    0.683319] evm: security.SMACK64EXEC
[    0.685923] evm: security.SMACK64TRANSMUTE
[    0.688407] evm: security.SMACK64MMAP
[    0.691037] evm: security.ima
[    0.693218] evm: security.capability
[    0.696291] clocksource: jiffies: mask: 0xffffffff max_cycles: 0xffffffff, max_idle_ns: 7645041785100000 ns
[    0.702028] futex hash table entries: 512 (order: 3, 32768 bytes)
[    0.705410] pinctrl core: initialized pinctrl subsystem
[    0.708777] RTC time: 11:24:37, date: 02/01/20
[    0.712335] NET: Registered protocol family 16
[    0.726784] cpuidle: using governor ladder
[    0.742987] cpuidle: using governor menu
[    0.746661] PCCT header not found.
[    0.750155] ACPI: bus type PCI registered
[    0.753919] acpiphp: ACPI Hot Plug PCI Controller Driver version: 0.5
[    0.760441] PCI: Using configuration type 1 for base access
[    0.781703] ACPI: Added _OSI(Module Device)
[    0.785425] ACPI: Added _OSI(Processor Device)
[    0.789501] ACPI: Added _OSI(3.0 _SCP Extensions)
[    0.794297] ACPI: Added _OSI(Processor Aggregator Device)
[    0.802719] ACPI: Executed 1 blocks of module-level executable AML code
[    0.817080] ACPI: Interpreter enabled
[    0.819468] ACPI: (supports S0 S5)
[    0.821650] ACPI: Using IOAPIC for interrupt routing
[    0.824181] PCI: Using host bridge windows from ACPI; if necessary, use "pci=nocrs" and report a bug
[    0.835018] ACPI: PCI Root Bridge [PCI0] (domain 0000 [bus 00-ff])
[    0.837102] acpi PNP0A03:00: _OSC: OS supports [ASPM ClockPM Segments MSI]
[    0.840031] acpi PNP0A03:00: _OSC: not requesting OS control; OS requires [ExtendedConfig ASPM ClockPM MSI]
[    0.843440] acpi PNP0A03:00: fail to add MMCONFIG information, can't access extended PCI configuration space under this bridge.
[    0.848425] PCI host bridge to bus 0000:00
[    0.849985] pci_bus 0000:00: root bus resource [io  0x0000-0x0cf7 window]
[    0.852175] pci_bus 0000:00: root bus resource [io  0x0d00-0xffff window]
[    0.854308] pci_bus 0000:00: root bus resource [mem 0x000a0000-0x000bffff window]
[    0.856979] pci_bus 0000:00: root bus resource [mem 0x40000000-0xfdffffff window]
[    0.859703] pci_bus 0000:00: root bus resource [bus 00-ff]
[    0.864489] pci 0000:00:01.1: legacy IDE quirk: reg 0x10: [io  0x01f0-0x01f7]
[    0.867378] pci 0000:00:01.1: legacy IDE quirk: reg 0x14: [io  0x03f6]
[    0.869720] pci 0000:00:01.1: legacy IDE quirk: reg 0x18: [io  0x0170-0x0177]
[    0.872049] pci 0000:00:01.1: legacy IDE quirk: reg 0x1c: [io  0x0376]
[    0.922836] pci 0000:00:07.0: quirk: [io  0x4000-0x403f] claimed by PIIX4 ACPI
[    0.926129] pci 0000:00:07.0: quirk: [io  0x4100-0x410f] claimed by PIIX4 SMB
[    0.945703] ACPI: PCI Interrupt Link [LNKA] (IRQs 5 9 10 *11)
[    0.949047] ACPI: PCI Interrupt Link [LNKB] (IRQs 5 9 *10 11)
[    0.952859] ACPI: PCI Interrupt Link [LNKC] (IRQs 5 *9 10 11)
[    0.956172] ACPI: PCI Interrupt Link [LNKD] (IRQs 5 9 10 *11)
[    0.959601] ACPI: Enabled 2 GPEs in block 00 to 07
[    0.962678] vgaarb: setting as boot device: PCI:0000:00:02.0
[    0.965050] vgaarb: device added: PCI:0000:00:02.0,decodes=io+mem,owns=io+mem,locks=none
[    0.968458] vgaarb: loaded
[    0.969747] vgaarb: bridge control possible 0000:00:02.0
[    0.972117] SCSI subsystem initialized
[    0.974219] ACPI: bus type USB registered
[    0.976225] usbcore: registered new interface driver usbfs
[    0.978773] usbcore: registered new interface driver hub
[    0.981126] usbcore: registered new device driver usb
[    0.983566] PCI: Using ACPI for IRQ routing
[    0.992125] NetLabel: Initializing
[    0.994475] NetLabel:  domain hash size = 128
[    0.997567] NetLabel:  protocols = UNLABELED CIPSOv4
[    1.000254] NetLabel:  unlabeled traffic allowed by default
[    1.002613] amd_nb: Cannot enumerate AMD northbridges
[    1.005769] clocksource: Switched to clocksource kvm-clock
[    1.029978] AppArmor: AppArmor Filesystem Enabled
[    1.032104] pnp: PnP ACPI init
[    1.035650] pnp: PnP ACPI: found 3 devices
[    1.050892] clocksource: acpi_pm: mask: 0xffffff max_cycles: 0xffffff, max_idle_ns: 2085701024 ns
[    1.054487] NET: Registered protocol family 2
[    1.056347] TCP established hash table entries: 8192 (order: 4, 65536 bytes)
[    1.058770] TCP bind hash table entries: 8192 (order: 5, 131072 bytes)
[    1.060774] TCP: Hash tables configured (established 8192 bind 8192)
[    1.062697] UDP hash table entries: 512 (order: 2, 16384 bytes)
[    1.064379] UDP-Lite hash table entries: 512 (order: 2, 16384 bytes)
[    1.066714] NET: Registered protocol family 1
[    1.068618] pci 0000:00:00.0: Limiting direct PCI/PCI transfers
[    1.071419] pci 0000:00:01.0: Activating ISA DMA hang workarounds
[    1.074155] Unpacking initramfs...
[    1.514068] Freeing initrd memory: 15440K
[    1.515538] clocksource: tsc: mask: 0xffffffffffffffff max_cycles: 0x19f22b76be8, max_idle_ns: 440795216487 ns
[    1.518710] platform rtc_cmos: registered platform RTC device (no PNP device found)
[    1.521277] Scanning for low memory corruption every 60 seconds
[    1.523710] audit: initializing netlink subsys (disabled)
[    1.525943] audit: type=2000 audit(1580556284.067:1): initialized
[    1.528620] Initialise system trusted keyring
[    1.531053] HugeTLB registered 2 MB page size, pre-allocated 0 pages
[    1.535951] zbud: loaded
[    1.537983] VFS: Disk quotas dquot_6.6.0
[    1.539913] VFS: Dquot-cache hash table entries: 512 (order 0, 4096 bytes)
[    1.542538] squashfs: version 4.0 (2009/01/31) Phillip Lougher
[    1.545099] fuse init (API version 7.23)
[    1.546836] Key type big_key registered
[    1.548281] Allocating IMA MOK and blacklist keyrings.
[    1.553667] Key type asymmetric registered
[    1.555286] Asymmetric key parser 'x509' registered
[    1.557192] Block layer SCSI generic (bsg) driver version 0.4 loaded (major 249)
[    1.560581] io scheduler noop registered
[    1.562713] io scheduler deadline registered (default)
[    1.564656] io scheduler cfq registered
[    1.566405] pci_hotplug: PCI Hot Plug PCI Core version: 0.5
[    1.568403] pciehp: PCI Express Hot Plug Controller Driver version: 0.4
[    1.571043] ACPI: AC Adapter [AC] (off-line)
[    1.572780] input: Power Button as /devices/LNXSYSTM:00/LNXPWRBN:00/input/input0
[    1.577107] ACPI: Power Button [PWRF]
[    1.579197] input: Sleep Button as /devices/LNXSYSTM:00/LNXSLPBN:00/input/input1
[    1.581879] ACPI: Sleep Button [SLPF]
[    1.584709] ACPI: Battery Slot [BAT0] (battery present)
[    1.586617] GHES: HEST is not enabled!
[    1.588397] Serial: 8250/16550 driver, 32 ports, IRQ sharing enabled
[    1.611741] 00:02: ttyS0 at I/O 0x3f8 (irq = 4, base_baud = 115200) is a 16550A
[    1.619901] Linux agpgart interface v0.103
[    1.628292] loop: module loaded
[    1.630589] scsi host0: ata_piix
[    1.632374] scsi host1: ata_piix
[    1.633674] ata1: PATA max UDMA/33 cmd 0x1f0 ctl 0x3f6 bmdma 0xd000 irq 14
[    1.635849] ata2: PATA max UDMA/33 cmd 0x170 ctl 0x376 bmdma 0xd008 irq 15
[    1.638163] libphy: Fixed MDIO Bus: probed
[    1.639652] tun: Universal TUN/TAP device driver, 1.6
[    1.641573] tun: (C) 1999-2004 Max Krasnyansky <maxk@qualcomm.com>
[    1.644203] PPP generic driver version 2.4.2
[    1.645975] ehci_hcd: USB 2.0 'Enhanced' Host Controller (EHCI) Driver
[    1.648078] ehci-pci: EHCI PCI platform driver
[    1.649794] ehci-platform: EHCI generic platform driver
[    1.651572] ohci_hcd: USB 1.1 'Open' Host Controller (OHCI) Driver
[    1.653485] ohci-pci: OHCI PCI platform driver
[    1.655045] ohci-platform: OHCI generic platform driver
[    1.656730] uhci_hcd: USB Universal Host Controller Interface driver
[    1.658791] i8042: PNP: PS/2 Controller [PNP0303:PS2K,PNP0f03:PS2M] at 0x60,0x64 irq 1,12
[    1.662471] serio: i8042 KBD port at 0x60,0x64 irq 1
[    1.664588] serio: i8042 AUX port at 0x60,0x64 irq 12
[    1.666794] mousedev: PS/2 mouse device common for all mice
[    1.669678] input: AT Translated Set 2 keyboard as /devices/platform/i8042/serio0/input/input2
[    1.673692] rtc_cmos rtc_cmos: rtc core: registered rtc_cmos as rtc0
[    1.675761] rtc_cmos rtc_cmos: alarms up to one day, 114 bytes nvram
[    1.677842] i2c /dev entries driver
[    1.679193] device-mapper: uevent: version 1.0.3
[    1.681046] device-mapper: ioctl: 4.34.0-ioctl (2015-10-28) initialised: dm-devel@redhat.com
[    1.683919] ledtrig-cpu: registered to indicate activity on CPUs
[    1.686603] NET: Registered protocol family 10
[    1.688287] NET: Registered protocol family 17
[    1.689724] Key type dns_resolver registered
[    1.691754] registered taskstats version 1
[    1.693197] Loading compiled-in X.509 certificates
[    1.696327] Loaded X.509 cert 'Build time autogenerated kernel key: 4e6a82653c7e3a258f066f23f1954299de63b157'
[    1.699769] zswap: loaded using pool lzo/zbud
[    1.704962] Key type trusted registered
[    1.712266] Key type encrypted registered
[    1.714520] AppArmor: AppArmor sha1 policy hashing enabled
[    1.716513] ima: No TPM chip found, activating TPM-bypass!
[    1.718360] ima: Allocated hash algorithm: sha1
[    1.720277] evm: HMAC attrs: 0x1
[    1.722697]   Magic number: 8:588:427
[    1.724837] rtc_cmos rtc_cmos: setting system clock to 2020-02-01 11:24:38 UTC (1580556278)
[    1.730627] BIOS EDD facility v0.16 2004-Jun-25, 0 devices found
[    1.734575] EDD information not available.
[    1.831050] Freeing unused kernel memory: 1488K
[    1.835264] Write protecting the kernel read-only data: 14336k
[    1.841778] Freeing unused kernel memory: 1604K
[    1.846584] Freeing unused kernel memory: 64K
Loading, please wait...
starting version 229
[    1.899932] random: systemd-udevd: uninitialized urandom read (16 bytes read, 3 bits of entropy available)
[    1.902039] random: udevadm: uninitialized urandom read (16 bytes read, 3 bits of entropy available)
[    1.902105] random: udevadm: uninitialized urandom read (16 bytes read, 3 bits of entropy available)
[    1.924520] random: systemd-udevd: uninitialized urandom read (16 bytes read, 3 bits of entropy available)
[    1.932772] random: systemd-udevd: uninitialized urandom read (16 bytes read, 3 bits of entropy available)
[    1.933664] random: udevadm: uninitialized urandom read (16 bytes read, 3 bits of entropy available)
[    1.933920] random: udevadm: uninitialized urandom read (16 bytes read, 3 bits of entropy available)
[    1.934641] random: udevadm: uninitialized urandom read (16 bytes read, 3 bits of entropy available)
[    1.934819] random: udevadm: uninitialized urandom read (16 bytes read, 3 bits of entropy available)
[    1.934980] random: udevadm: uninitialized urandom read (16 bytes read, 3 bits of entropy available)
[    2.071765] e1000: Intel(R) PRO/1000 Network Driver - version 7.3.21-k8-NAPI
[    2.074188] e1000: Copyright (c) 1999-2006 Intel Corporation.
[    2.078413] Fusion MPT base driver 3.04.20
[    2.080192] Copyright (c) 1999-2008 LSI Corporation
[    2.088635] Fusion MPT SPI Host driver 3.04.20
[    2.121448] AVX2 version of gcm_enc/dec engaged.
[    2.124522] AES CTR mode by8 optimization enabled
[    2.289627] input: ImExPS/2 Generic Explorer Mouse as /devices/platform/i8042/serio1/input/input4
[    2.588337] e1000 0000:00:03.0 eth0: (PCI:33MHz:32-bit) 02:4c:fa:56:e0:e2
[    2.594339] e1000 0000:00:03.0 eth0: Intel(R) PRO/1000 Network Connection
[    2.605283] mptbase: ioc0: Initiating bringup
[    2.670780] ioc0: LSI53C1030 A0: Capabilities={Initiator}
[    2.834579] scsi host2: ioc0: LSI53C1030 A0, FwRev=00000000h, Ports=1, MaxQ=256, IRQ=20
[    2.951906] scsi 2:0:0:0: Direct-Access     VBOX     HARDDISK         1.0  PQ: 0 ANSI: 5
[    2.955323] scsi target2:0:0: Beginning Domain Validation
[    2.960249] scsi target2:0:0: Domain Validation skipping write tests
[    2.962703] scsi target2:0:0: Ending Domain Validation
[    2.965671] scsi target2:0:0: asynchronous
[    2.969485] scsi 2:0:1:0: Direct-Access     VBOX     HARDDISK         1.0  PQ: 0 ANSI: 5
[    2.973033] scsi target2:0:1: Beginning Domain Validation
[    2.976812] scsi target2:0:1: Domain Validation skipping write tests
[    2.979041] scsi target2:0:1: Ending Domain Validation
[    2.981271] scsi target2:0:1: asynchronous
[    3.008617] sd 2:0:0:0: Attached scsi generic sg0 type 0
[    3.048483] sd 2:0:0:0: [sda] 20971520 512-byte logical blocks: (10.7 GB/10.0 GiB)
[    3.049009] sd 2:0:1:0: Attached scsi generic sg1 type 0
[    3.049553] sd 2:0:1:0: [sdb] 20480 512-byte logical blocks: (10.5 MB/10.0 MiB)
[    3.050037] sd 2:0:1:0: [sdb] Write Protect is off
[    3.050363] sd 2:0:1:0: [sdb] Incomplete mode parameter data
[    3.050367] sd 2:0:1:0: [sdb] Assuming drive cache: write through
[    3.070674] sd 2:0:1:0: [sdb] Attached SCSI disk
[    3.077425] sd 2:0:0:0: [sda] Write Protect is off
[    3.080796] sd 2:0:0:0: [sda] Incomplete mode parameter data
[    3.083591] sd 2:0:0:0: [sda] Assuming drive cache: write through
[    3.091520]  sda: sda1
[    3.096832] sd 2:0:0:0: [sda] Attached SCSI disk
[    3.448677] e1000 0000:00:08.0 eth1: (PCI:33MHz:32-bit) 08:00:27:ac:1c:15
[    3.451314] e1000 0000:00:08.0 eth1: Intel(R) PRO/1000 Network Connection
[    3.454749] e1000 0000:00:03.0 enp0s3: renamed from eth0
[    3.466925] e1000 0000:00:08.0 enp0s8: renamed from eth1
Begin: Loading essential drivers ... [    5.339108] md: linear personality registered for level -1
[    5.346983] md: multipath personality registered for level -4
[    5.353359] md: raid0 personality registered for level 0
[    5.364630] md: raid1 personality registered for level 1
[    5.437917] raid6: sse2x1   gen()  5052 MB/s
[    5.505847] raid6: sse2x1   xor()  4450 MB/s
[    5.574029] raid6: sse2x2   gen()  6434 MB/s
[    5.642108] raid6: sse2x2   xor()  5301 MB/s
[    5.709852] raid6: sse2x4   gen()  9209 MB/s
[    5.777867] raid6: sse2x4   xor()  6115 MB/s
[    5.845899] raid6: avx2x1   gen() 11302 MB/s
[    5.914306] raid6: avx2x2   gen() 12776 MB/s
[    5.981920] raid6: avx2x4   gen() 13291 MB/s
[    5.984695] raid6: using algorithm avx2x4 gen() 13291 MB/s
[    5.988010] raid6: using avx2x2 recovery algorithm
[    5.993474] xor: automatically using best checksumming function:
[    6.033893]    avx       : 14679.000 MB/sec
[    6.037538] async_tx: api initialized (async)
[    6.055272] md: raid6 personality registered for level 6
[    6.057516] md: raid5 personality registered for level 5
[    6.059453] md: raid4 personality registered for level 4
[    6.074060] md: raid10 personality registered for level 10
done.
Begin: Running /scripts/init-premount ... done.
Begin: Mounting root file system ... Begin: Running /scripts/local-top ... done.
Begin: Running /scripts/local-premount ... [    6.136175] Btrfs loaded
Scanning for Btrfs filesystems
done.
Warning: fsck not present, so skipping root file system
[    6.198580] EXT4-fs (sda1): mounted filesystem with ordered data mode. Opts: (null)
done.
Begin: Running /scripts/local-bottom ... done.
Begin: Running /scripts/init-bottom ... done.
[    6.366814] systemd[1]: systemd 229 running in system mode. (+PAM +AUDIT +SELINUX +IMA +APPARMOR +SMACK +SYSVINIT +UTMP +LIBCRYPTSETUP +GCRYPT +GNUTLS +ACL +XZ -LZ4 +SECCOMP +BLKID +ELFUTILS +KMOD -IDN)
[    6.373915] systemd[1]: Detected virtualization oracle.
[    6.375643] systemd[1]: Detected architecture x86-64.

Welcome to [1mUbuntu 16.04.6 LTS[0m!

[    6.382886] systemd[1]: Set hostname to <ubuntu-xenial>.
[    6.612715] systemd[1]: Reached target User and Group Name Lookups.
[[0;32m  OK  [0m] Reached target User and Group Name Lookups.
[    6.616582] systemd[1]: Listening on Journal Audit Socket.
[[0;32m  OK  [0m] Listening on Journal Audit Socket.
[    6.626868] systemd[1]: Listening on Syslog Socket.
[[0;32m  OK  [0m] Listening on Syslog Socket.
[    6.638121] systemd[1]: Started Forward Password Requests to Wall Directory Watch.
[[0;32m  OK  [0m] Started Forward Password Requests to Wall Directory Watch.
[    6.643155] systemd[1]: Set up automount Arbitrary Executable File Formats File System Automount Point.
[[0;32m  OK  [0m] Set up automount Arbitrary Executab...ats File System Automount Point.
[    6.648719] systemd[1]: Created slice System Slice.
[[0;32m  OK  [0m] Created slice System Slice.
[    6.658417] systemd[1]: Created slice User and Session Slice.
[[0;32m  OK  [0m] Created slice User and Session Slice.
[    6.670846] systemd[1]: Reached target System Time Synchronized.
[[0;32m  OK  [0m] Reached target System Time Synchronized.
[    6.674300] systemd[1]: Listening on LVM2 poll daemon socket.
[[0;32m  OK  [0m] Listening on LVM2 poll daemon socket.
[    6.677891] systemd[1]: Listening on /dev/initctl Compatibility Named Pipe.
[[0;32m  OK  [0m] Listening on /dev/initctl Compatibility Named Pipe.
[    6.681928] systemd[1]: Created slice system-serial\x2dgetty.slice.
[[0;32m  OK  [0m] Created slice system-serial\x2dgetty.slice.
[    6.685627] systemd[1]: Listening on udev Control Socket.
[[0;32m  OK  [0m] Listening on udev Control Socket.
[    6.694472] systemd[1]: Listening on Journal Socket.
[[0;32m  OK  [0m] Listening on Journal Socket.
[    6.718366] systemd[1]: Starting Set console keymap...
         Starting Set console keymap...
[    6.722325] systemd[1]: Mounting Debug File System...
         Mounting Debug File System...
[    6.726688] systemd[1]: Mounting Huge Pages File System...
         Mounting Huge Pages File System...
[    6.731300] systemd[1]: Starting Remount Root and Kernel File Systems...
         Starting Remount Root and Kernel File Systems...
[    6.736745] systemd[1]: Starting Create list of required static device nodes for the current kernel...
[    6.739504] EXT4-fs (sda1): re-mounted. Opts: (null)
         Starting Create list of required st... nodes for the current kernel...
[    6.746895] systemd[1]: Started Trigger resolvconf update for networkd DNS.
[[0;32m  OK  [0m] Started Trigger resolvconf update for networkd DNS.
[    6.750947] systemd[1]: Listening on udev Kernel Socket.
[[0;32m  OK  [0m] Listening on udev Kernel Socket.
[    6.758812] systemd[1]: Reached target Slices.
[[0;32m  OK  [0m] Reached target Slices.
[    6.762478] systemd[1]: Listening on Device-mapper event daemon FIFOs.
[[0;32m  OK  [0m] Listening on Device-mapper event daemon FIFOs.
[    6.792348] systemd[1]: Starting Nameserver information manager...
         Starting Nameserver information manager...
[    6.798521] systemd[1]: Listening on LVM2 metadata daemon socket.
[[0;32m  OK  [0m] Listening on LVM2 metadata daemon socket.
[    6.802812] systemd[1]: Starting Monitoring of LVM2 mirrors, snapshots etc. using dmeventd or progress polling...
         Starting Monitoring of LVM2 mirrors... dmeventd or progress polling...
[    6.814766] systemd[1]: Starting Uncomplicated firewall...
         Starting Uncomplicated firewall...
[    6.818774] systemd[1]: Mounting POSIX Message Queue File System...
         Mounting POSIX Message Queue File System...
[    6.821734] systemd[1]: Listening on Journal Socket (/dev/log).
[[0;32m  OK  [0m] Listening on Journal Socket (/dev/log).
[    6.830975] systemd[1]: Starting Journal Service...
         Starting Journal Service...
[    6.833259] systemd[1]: Reached target Encrypted Volumes.
[[0;32m  OK  [0m] Reached target Encrypted Volumes.
[    6.842163] systemd[1]: Reached target Swap.
[[0;32m  OK  [0m] Reached target Swap.
[    6.845622] systemd[1]: Starting Load Kernel Modules...
         Starting Load Kernel Modules...
[    6.850442] systemd[1]: Mounted POSIX Message Queue File System.
[[0;32m  OK  [0m] Mounted POSIX Message Queue File System.
[    6.855087] systemd[1]: Mounted Huge Pages File System.
[[0;32m  OK  [0m] Mounted Huge Pages File System.
[    6.860764] systemd[1]: Mounted Debug File System.
[[0;32m  OK  [0m] Mounted Debug File System.
[    6.871776] systemd[1]: Started Remount Root and Kernel File Systems.
[[0;32m  OK  [0m] Started Remount Root and Kernel File Systems.
[    6.877389] Loading iSCSI transport class v2.0-870.
[    6.879233] systemd[1]: Started Create list of required static device nodes for the current kernel.
[[0;32m  OK  [0m] Started Create list of required sta...ce nodes for the current kernel.
[    6.891500] iscsi: registered transport (tcp)
[    6.894747] systemd[1]: Started Set console keymap.
[[0;32m  OK  [0m] Started Set console keymap.
[    6.907328] systemd[1]: Started Uncomplicated firewall.
[[0;32m  OK  [0m] Started Uncomplicated firewall.
[    6.912524] systemd[1]: Started Nameserver information manager.
[[0;32m  OK  [0m] Started Nameserver information manager.
[    6.926790] systemd[1]: Started Journal Service.
[[0;32m  OK  [0m] Started Journal Service.
[    6.937796] iscsi: registered transport (iser)
[[0;32m  OK  [0m] Started LVM2 metadata daemon.
         Starting Create Static Device Nodes in /dev...
         Starting Flush Journal to Persistent Storage...
         Starting udev Coldplug all Devices...
         Starting Load/Save Random Seed...
[[0;32m  OK  [0m] Started Load Kernel Modules.
         Starting Apply Kernel Variables...
         Mounting FUSE Control File System...
[[0;32m  OK  [0m] Started Load/Save Random Seed.
[    7.005336] systemd-journald[399]: Received request to flush runtime journal from PID 1
[[0;32m  OK  [0m] Mounted FUSE Control File System.
[[0;32m  OK  [0m] Started Create Static Device Nodes in /dev.
[[0;32m  OK  [0m] Started Flush Journal to Persistent Storage.
[[0;32m  OK  [0m] Started Apply Kernel Variables.
         Starting udev Kernel Device Manager...
[[0;32m  OK  [0m] Started udev Coldplug all Devices.
[[0;32m  OK  [0m] Started udev Kernel Device Manager.
[[0;32m  OK  [0m] Started Dispatch Password Requests to Console Directory Watch.
[[0;32m  OK  [0m] Started Monitoring of LVM2 mirrors,...ng dmeventd or progress polling.
[[0;32m  OK  [0m] Reached target Local File Systems (Pre).
[[0;32m  OK  [0m] Reached target Local File Systems.
         Starting Initial cloud-init job (pre-networking)...
         Starting LSB: AppArmor initialization...
         Starting Tell Plymouth To Write Out Runtime Data...
         Starting Set console font and keymap...
         Starting Create Volatile Files and Directories...
[[0;32m  OK  [0m] Started Tell Plymouth To Write Out Runtime Data.
[[0;32m  OK  [0m] Started Create Volatile Files and Directories.
         Starting Update UTMP about System Boot/Shutdown...
[[0;32m  OK  [0m] Started Update UTMP about System Boot/Shutdown.
[[0;32m  OK  [0m] Started LSB: AppArmor initialization.
[[0;32m  OK  [0m] Found device /dev/ttyS0.
[[0;32m  OK  [0m] Listening on Load/Save RF Kill Switch Status /dev/rfkill Watch.
[[0;32m  OK  [0m] Found device 82540EM Gigabit Ethern...r (PRO/1000 MT Desktop Adapter).
[[0;32m  OK  [0m] Found device 82540EM Gigabit Ethern...r (PRO/1000 MT Desktop Adapter).
[[0;32m  OK  [0m] Started Set console font and keymap.
[[0;32m  OK  [0m] Created slice system-getty.slice.
[    8.738592] [[0;32m  OK  [0m] Started Initial cloud-init job (pre-networking).
cloud-init[486]: Cloud-init v. 19.3-41-gc4735dd3-0ubuntu1~16.04.1 running 'init-local' at Sat, 01 Feb 2020 11:24:45 +0000. Up 8.23 seconds.
[[0;32m  OK  [0m] Reached target Network (Pre).
[[0;32m  OK  [0m] Started ifup for enp0s8.
[[0;32m  OK  [0m] Started ifup for enp0s3.
         Starting Raise network interfaces...
[[0;32m  OK  [0m] Started Raise network interfaces.
         Starting Initial cloud-init job (metadata service crawler)...
[[0;32m  OK  [0m] Reached target Network.
[   10.695807] cloud-init[1077]: Cloud-init v. 19.3-41-gc4735dd3-0ubuntu1~16.04.1 running 'init' at Sat, 01 Feb 2020 11:24:47 +0000. Up 10.10 seconds.
[   10.704870] cloud-init[1077]: ci-info: ++++++++++++++++++++++++++++++++++++++Net device info+++++++++++++++++++++++++++++++++++++++
[   10.712670] cloud-init[1077]: ci-info: +--------+------+-----------------------------+---------------+--------+-------------------+
[   10.714846] cloud-init[1077]: ci-info: | Device |  Up  |           Address           |      Mask     | Scope  |     Hw-Address    |
[   10.716538] cloud-init[1077]: ci-info: +--------+------+-----------------------------+---------------+--------+-------------------+
[   10.720452] cloud-init[1077]: ci-info: | enp0s3 | True |          10.0.2.15          | 255.255.255.0 | global | 02:4c:fa:56:e0:e2 |
[   10.722600] cloud-init[1077]: ci-info: | enp0s3 | True |  fe80::4c:faff:fe56:e0e2/64 |       .       |  link  | 02:4c:fa:56:e0:e2 |
[   10.724926] cloud-init[1077]: ci-info: | enp0s8 | True |        192.168.33.15        | 255.255.255.0 | global | 08:00:27:ac:1c:15 |
[   10.728602] cloud-init[1077]: ci-info: | enp0s8 | True | fe80::a00:27ff:feac:1c15/64 |       .       |  link  | 08:00:27:ac:1c:15 |
[   10.736879] cloud-init[1077]: ci-info: |   lo   | True |          127.0.0.1          |   255.0.0.0   |  host  |         .         |
[   10.741919] cloud-init[1077]: ci-info: |   lo   | True |           ::1/128           |       .       |  host  |         .         |
[   10.744343] cloud-init[1077]: ci-info: +--------+------+-----------------------------+---------------+--------+-------------------+
[   10.747119] cloud-init[1077]: ci-info: ++++++++++++++++++++++++++++Route IPv4 info++++++++++++++++++++++++++++
[   10.748891] cloud-init[1077]: ci-info: +-------+--------------+----------+---------------+-----------+-------+
[   10.757124] cloud-init[1077]: ci-info: | Route | Destination  | Gateway  |    Genmask    | Interface | Flags |
[   10.764683] cloud-init[1077]: ci-info: +-------+--------------+----------+---------------+-----------+-------+
[   10.766740] cloud-init[1077]: ci-info: |   0   |   0.0.0.0    | 10.0.2.2 |    0.0.0.0    |   enp0s3  |   UG  |
[   10.777647] cloud-init[1077]: ci-info: |   1   |   10.0.2.0   | 0.0.0.0  | 255.255.255.0 |   enp0s3  |   U   |
[   10.779999] cloud-init[1077]: ci-info: |   2   | 192.168.33.0 | 0.0.0.0  | 255.255.255.0 |   enp0s8  |   U   |
[   10.788754] cloud-init[1077]: ci-info: +-------+--------------+----------+---------------+-----------+-------+
[   10.791026] cloud-init[1077]: ci-info: +++++++++++++++++++Route IPv6 info+++++++++++++++++++
[   10.792799] cloud-init[1077]: ci-info: +-------+-------------+---------+-----------+-------+
[   10.795181] cloud-init[1077]: ci-info: | Route | Destination | Gateway | Interface | Flags |
[   10.796758] cloud-init[1077]: ci-info: +-------+-------------+---------+-----------+-------+
[   10.798410] cloud-init[1077]: ci-info: |   0   |  fe80::/64  |    ::   |   enp0s8  |   U   |
[   10.800655] cloud-init[1077]: ci-info: |   1   |  fe80::/64  |    ::   |   enp0s3  |   U   |
[   10.802890] cloud-init[1077]: ci-info: |   4   |   ff00::/8  |    ::   |   enp0s8  |   U   |
[   10.805305] cloud-init[1077]: ci-info: |   5   |   ff00::/8  |    ::   |   enp0s3  |   U   |
[[0;32m  OK  [0m] Started Initial cloud-init job (metadata service crawler).
[[0;32m  OK  [0m] Reached target Network is Online.
[   10.822774] cloud-init[1077]: ci-info: +-------+-------------+---------+-----------+-------+
         Starting iSCSI initiator daemon (iscsid)...
[[0;32m  OK  [0m] Reached target Cloud-config availability.
[[0;32m  OK  [0m] Reached target System Initialization.
[[0;32m  OK  [0m] Started Daily Cleanup of Temporary Directories.
[[0;32m  OK  [0m] Started Clean PHP session files every 30 mins.
         Starting Socket activation for snappy daemon.
[[0;32m  OK  [0m] Started ACPI Events Check.
[[0;32m  OK  [0m] Reached target Paths.
[[0;32m  OK  [0m] Listening on UUID daemon activation socket.
[[0;32m  OK  [0m] Started Daily apt download activities.
[[0;32m  OK  [0m] Started Daily apt upgrade and clean activities.
         Starting LXD - unix socket.
[[0;32m  OK  [0m] Listening on D-Bus System Message Bus Socket.
[[0;32m  OK  [0m] Started Message of the Day.
[[0;32m  OK  [0m] Reached target Timers.
[[0;32m  OK  [0m] Listening on ACPID Listen Socket.
[[0;32m  OK  [0m] Listening on Socket activation for snappy daemon.
[[0;32m  OK  [0m] Listening on LXD - unix socket.
[[0;32m  OK  [0m] Started iSCSI initiator daemon (iscsid).
         Starting Login to default iSCSI targets...
[[0;32m  OK  [0m] Reached target Sockets.
[[0;32m  OK  [0m] Reached target Basic System.
         Starting System Logging Service...
         Starting LSB: Record successful boot for GRUB...
[[0;32m  OK  [0m] Started Regular background program processing daemon.
[[0;32m  OK  [0m] Started FUSE filesystem for LXC.
         Starting LSB: MD monitoring daemon...
         Starting LXD - container startup/shutdown...
[[0;32m  OK  [0m] Started ACPI event daemon.
         Starting Virtualbox guest utils...
[[0;32m  OK  [0m] Started D-Bus System Message Bus.
         Starting Clean php session files...
         Starting /etc/rc.local Compatibility...
[[0;32m  OK  [0m] Started Deferred execution scheduler.
         Starting Login Service...
         Starting MySQL Community Server...
         Starting Accounts Service...
         Starting OpenBSD Secure Shell server...
         Starting Snappy daemon...
[[0;32m  OK  [0m] Started System Logging Service.
[[0;32m  OK  [0m] Started /etc/rc.local Compatibility.
[[0;32m  OK  [0m] Started Login Service.
[[0;32m  OK  [0m] Started Unattended Upgrades Shutdown.
[[0;32m  OK  [0m] Started Login to default iSCSI targets.
[[0;32m  OK  [0m] Reached target Remote File Systems (Pre).
[[0;32m  OK  [0m] Reached target Remote File Systems.
         Starting LSB: Apache2 web server...
         Starting LSB: automatic crash report generation...
         Starting LSB: daemon to balance interrupts for SMP systems...
         Starting Permit User Sessions...
         Starting LSB: Set the CPU Frequency Scaling governor to "ondemand"...
[[0;32m  OK  [0m] Started LSB: Record successful boot for GRUB.
[[0;32m  OK  [0m] Started LSB: MD monitoring daemon.
[[0;32m  OK  [0m] Started Permit User Sessions.
         Starting Hold until boot process finishes up...
         Starting Terminate Plymouth Boot Screen...
[[0;32m  OK  [0m] Started Hold until boot process finishes up.
[[0;32m  OK  [0m] Started Getty on tty1.
[[0;32m  OK  [0m] Started Serial Getty on ttyS0.
[[0;32m  OK  [0m] Reached target Login Prompts.
         Starting Set console scheme...
[[0;32m  OK  [0m] Started OpenBSD Secure Shell server.
[[0;32m  OK  [0m] Started Terminate Plymouth Boot Screen.
[[0;32m  OK  [0m] Started Set console scheme.
[[0;32m  OK  [0m] Started LSB: daemon to balance interrupts for SMP systems.
         Starting Authenticate and Authorize Users to Run Privileged Tasks...
[[0;32m  OK  [0m] Started LSB: Set the CPU Frequency Scaling governor to "ondemand".
[[0;32m  OK  [0m] Started LSB: automatic crash report generation.
[[0;32m  OK  [0m] Started LXD - container startup/shutdown.
[[0;32m  OK  [0m] Started Authenticate and Authorize Users to Run Privileged Tasks.
[[0;32m  OK  [0m] Started Accounts Service.
[[0;32m  OK  [0m] Started Virtualbox guest utils.
[[0;32m  OK  [0m] Started Snappy daemon.
         Starting Wait until snapd is fully seeded...
[[0;32m  OK  [0m] Created slice User Slice of vagrant.
         Starting User Manager for UID 1000...
[[0;32m  OK  [0m] Started Session 1 of user vagrant.
[[0;32m  OK  [0m] Started Wait until snapd is fully seeded.
         Starting Apply the settings specified in cloud-config...
[[0;32m  OK  [0m] Started User Manager for UID 1000.
[[0;32m  OK  [0m] Started Clean php session files.
[[0;32m  OK  [0m] Started LSB: Apache2 web server.
[[0;32m  OK  [0m] Started MySQL Community Server.
[[0;32m  OK  [0m] Reached target Multi-User System.
[[0;32m  OK  [0m] Reached target Graphical Interface.
         Starting Update UTMP about System Runlevel Changes...
[[0;32m  OK  [0m] Started Update UTMP about System Runlevel Changes.
[   13.422348] cloud-init[1406]: Cloud-init v. 19.3-41-gc4735dd3-0ubuntu1~16.04.1 running 'modules:config' at Sat, 01 Feb 2020 11:24:50 +0000. Up 13.17 seconds.
[[0;32m  OK  [0m] Started Apply the settings specified in cloud-config.
         Starting Execute cloud user/final scripts...
[   14.531883] cloud-init[1563]: Cloud-init v. 19.3-41-gc4735dd3-0ubuntu1~16.04.1 running 'modules:final' at Sat, 01 Feb 2020 11:24:51 +0000. Up 14.27 seconds.
[   14.536165] cloud-init[1563]: Cloud-init v. 19.3-41-gc4735dd3-0ubuntu1~16.04.1 finished at Sat, 01 Feb 2020 11:24:51 +0000. Datasource DataSourceNoCloud [seed=/dev/sdb][dsmode=net].  Up 14.51 seconds
[[0;32m  OK  [0m] Started Execute cloud user/final scripts.
[[0;32m  OK  [0m] Reached target Cloud-init target.

Ubuntu 16.04.6 LTS ubuntu-xenial ttyS0

ubuntu-xenial login: [[0;32m  OK  [0m] Closed Load/Save RF Kill Switch Status /dev/rfkill Watch.
[[0;32m  OK  [0m] Stopped target Cloud-init target.
[[0;32m  OK  [0m] Stopped target Graphical Interface.
         Stopping Session 6 of user vagrant.
         Stopping Authenticate and Authorize Users to Run Privileged Tasks...
         Stopping Accounts Service...
         Stopping ACPI event daemon...
         Stopping User Manager for UID 1000...
[[0;32m  OK  [0m] Stopped target Timers.
[[0;32m  OK  [0m] Stopped Daily Cleanup of Temporary Directories.
[[0;32m  OK  [0m] Stopped Message of the Day.
[[0;32m  OK  [0m] Stopped Clean PHP session files every 30 mins.
[[0;32m  OK  [0m] Stopped Daily apt upgrade and clean activities.
[[0;32m  OK  [0m] Stopped Daily apt download activities.
[[0;32m  OK  [0m] Stopped target System Time Synchronized.
[[0;32m  OK  [0m] Stopped Execute cloud user/final scripts.
[[0;32m  OK  [0m] Stopped target Multi-User System.
         Stopping Virtualbox guest utils...
         Stopping LSB: daemon to balance interrupts for SMP systems...
         Stopping D-Bus System Message Bus...
         Stopping LSB: Set the CPU Frequency Scaling governor to "ondemand"...
         Stopping LSB: Apache2 web server...
         Stopping LSB: MD monitoring daemon...
         Stopping Regular background program processing daemon...
[[0;32m  OK  [0m] Stopped target Login Prompts.
         Stopping Serial Getty on ttyS0...
         Stopping Getty on tty1...
         Stopping MySQL Community Server...
         Stopping OpenBSD Secure Shell server...
         Stopping System Logging Service...
         Stopping LXD - container startup/shutdown...
         Stopping Unattended Upgrades Shutdown...
         Stopping LSB: Record successful boot for GRUB...
         Stopping Deferred execution scheduler...
         Stopping FUSE filesystem for LXC...
         Stopping LSB: automatic crash report generation...
[[0;32m  OK  [0m] Stopped Apply the settings specified in cloud-config.
[[0;32m  OK  [0m] Stopped target Cloud-config availability.
[[0;32m  OK  [0m] Stopped Wait until snapd is fully seeded.
[[0;32m  OK  [0m] Unmounted /var/lib/lxcfs.
[[0;32m  OK  [0m] Stopped System Logging Service.
[[0;32m  OK  [0m] Stopped Regular background program processing daemon.
[[0;32m  OK  [0m] Stopped ACPI event daemon.
[[0;32m  OK  [0m] Stopped Deferred execution scheduler.
[[0;32m  OK  [0m] Stopped Accounts Service.
[[0;32m  OK  [0m] Stopped OpenBSD Secure Shell server.
[[0;32m  OK  [0m] Stopped Getty on tty1.
[[0;32m  OK  [0m] Stopped Unattended Upgrades Shutdown.
[[0;32m  OK  [0m] Stopped Serial Getty on ttyS0.
[[0;32m  OK  [0m] Stopped Authenticate and Authorize Users to Run Privileged Tasks.
[[0;32m  OK  [0m] Stopped User Manager for UID 1000.
[[0;32m  OK  [0m] Stopped Session 6 of user vagrant.
[[0;32m  OK  [0m] Stopped D-Bus System Message Bus.
[[0;32m  OK  [0m] Stopped FUSE filesystem for LXC.
[[0;32m  OK  [0m] Stopped LXD - container startup/shutdown.
[[0;32m  OK  [0m] Stopped LSB: MD monitoring daemon.
[[0;32m  OK  [0m] Stopped LSB: Set the CPU Frequency Scaling governor to "ondemand".
[[0;32m  OK  [0m] Stopped LSB: daemon to balance interrupts for SMP systems.
[[0;32m  OK  [0m] Stopped LSB: Record successful boot for GRUB.
[[0;32m  OK  [0m] Removed slice User Slice of vagrant.
[[0;32m  OK  [0m] Removed slice system-serial\x2dgetty.slice.
         Stopping Login Service...
[[0;32m  OK  [0m] Removed slice system-getty.slice.
[[0;32m  OK  [0m] Stopped /etc/rc.local Compatibility.
         Stopping Permit User Sessions...
[[0;32m  OK  [0m] Stopped LSB: automatic crash report generation.
[[0;32m  OK  [0m] Stopped Permit User Sessions.
[[0;32m  OK  [0m] Stopped Virtualbox guest utils.
[[0;32m  OK  [0m] Stopped Login Service.
[[0;32m  OK  [0m] Stopped target User and Group Name Lookups.
[[0;32m  OK  [0m] Stopped MySQL Community Server.
[[0;32m  OK  [0m] Stopped LSB: Apache2 web server.
[[0;32m  OK  [0m] Stopped target Remote File Systems.
[[0;32m  OK  [0m] Stopped target Remote File Systems (Pre).
         Stopping Login to default iSCSI targets...
[[0;32m  OK  [0m] Stopped target Basic System.
[[0;32m  OK  [0m] Stopped target Paths.
[[0;32m  OK  [0m] Stopped Dispatch Password Requests to Console Directory Watch.
[[0;32m  OK  [0m] Stopped Forward Password Requests to Wall Directory Watch.
[[0;32m  OK  [0m] Stopped ACPI Events Check.
[[0;32m  OK  [0m] Stopped target Sockets.
[[0;32m  OK  [0m] Closed UUID daemon activation socket.
[[0;32m  OK  [0m] Closed Socket activation for snappy daemon.
[[0;32m  OK  [0m] Closed ACPID Listen Socket.
[[0;32m  OK  [0m] Closed LXD - unix socket.
[[0;32m  OK  [0m] Closed D-Bus System Message Bus Socket.
[[0;32m  OK  [0m] Closed Syslog Socket.
[[0;32m  OK  [0m] Stopped target Slices.
[[0;32m  OK  [0m] Removed slice User and Session Slice.
[[0;32m  OK  [0m] Stopped target System Initialization.
[[0;32m  OK  [0m] Stopped target Swap.
[[0;32m  OK  [0m] Stopped Create Volatile Files and Directories.
[[0;32m  OK  [0m] Stopped target Encrypted Volumes.
         Stopping Load/Save Random Seed...
[[0;32m  OK  [0m] Stopped Load/Save Random Seed.
[[0;32m  OK  [0m] Stopped Login to default iSCSI targets.
         Stopping iSCSI initiator daemon (iscsid)...
[[0;32m  OK  [0m] Stopped iSCSI initiator daemon (iscsid).
[[0;32m  OK  [0m] Stopped target Network is Online.
[[0;32m  OK  [0m] Stopped Initial cloud-init job (metadata service crawler).
[[0;32m  OK  [0m] Stopped target Network.
         Stopping Raise network interfaces...
[[0;32m  OK  [0m] Stopped Raise network interfaces.
[[0;32m  OK  [0m] Stopped Apply Kernel Variables.
[[0;32m  OK  [0m] Stopped target Local File Systems.
         Unmounting /vagrant...
         Unmounting /var/www/html...
         Unmounting /run/user/1000...
[[0;32m  OK  [0m] Stopped target Network (Pre).
[[0;32m  OK  [0m] Stopped Initial cloud-init job (pre-networking).
[[0;32m  OK  [0m] Stopped Load Kernel Modules.
[[0;32m  OK  [0m] Unmounted /vagrant.
[[0;32m  OK  [0m] Unmounted /var/www/html.
[[0;32m  OK  [0m] Unmounted /run/user/1000.
[[0;32m  OK  [0m] Reached target Unmount All Filesystems.
[[0;32m  OK  [0m] Stopped target Local File Systems (Pre).
[[0;32m  OK  [0m] Stopped Remount Root and Kernel File Systems.
[[0;32m  OK  [0m] Stopped Create Static Device Nodes in /dev.
[[0;32m  OK  [0m] Reached target Shutdown.
[ 3516.177276] reboot: Power down
